2013-09-28T13:36:06+00:00 DEBUG (7): HEADERS ALREADY SENT: <pre>[0] /Users/FHLive/Dropbox/FHLive Projects/CCTECH/app/code/core/Mage/Core/Controller/Response/Http.php:52
[1] /Users/FHLive/Dropbox/FHLive Projects/CCTECH/lib/Zend/Controller/Response/Abstract.php:766
[2] /Users/FHLive/Dropbox/FHLive Projects/CCTECH/app/code/core/Mage/Core/Controller/Response/Http.php:83
[3] /Users/FHLive/Dropbox/FHLive Projects/CCTECH/app/code/core/Mage/Core/Controller/Varien/Front.php:188
[4] /Users/FHLive/Dropbox/FHLive Projects/CCTECH/app/code/core/Mage/Core/Model/App.php:354
[5] /Users/FHLive/Dropbox/FHLive Projects/CCTECH/app/Mage.php:683
[6] /Users/FHLive/Dropbox/FHLive Projects/CCTECH/index.php:87
</pre>
2013-09-28T13:47:46+00:00 DEBUG (7): HEADERS ALREADY SENT: <pre>[0] /Users/FHLive/Dropbox/FHLive Projects/CCTECH/app/code/core/Mage/Core/Controller/Response/Http.php:52
[1] /Users/FHLive/Dropbox/FHLive Projects/CCTECH/lib/Zend/Controller/Response/Abstract.php:766
[2] /Users/FHLive/Dropbox/FHLive Projects/CCTECH/app/code/core/Mage/Core/Controller/Response/Http.php:83
[3] /Users/FHLive/Dropbox/FHLive Projects/CCTECH/app/code/core/Mage/Core/Controller/Varien/Front.php:188
[4] /Users/FHLive/Dropbox/FHLive Projects/CCTECH/app/code/core/Mage/Core/Model/App.php:354
[5] /Users/FHLive/Dropbox/FHLive Projects/CCTECH/app/Mage.php:683
[6] /Users/FHLive/Dropbox/FHLive Projects/CCTECH/index.php:87
</pre>
2013-09-28T13:48:31+00:00 DEBUG (7): HEADERS ALREADY SENT: <pre>[0] /Users/FHLive/Dropbox/FHLive Projects/CCTECH/app/code/core/Mage/Core/Controller/Response/Http.php:52
[1] /Users/FHLive/Dropbox/FHLive Projects/CCTECH/lib/Zend/Controller/Response/Abstract.php:766
[2] /Users/FHLive/Dropbox/FHLive Projects/CCTECH/app/code/core/Mage/Core/Controller/Response/Http.php:83
[3] /Users/FHLive/Dropbox/FHLive Projects/CCTECH/app/code/core/Mage/Core/Controller/Varien/Front.php:188
[4] /Users/FHLive/Dropbox/FHLive Projects/CCTECH/app/code/core/Mage/Core/Model/App.php:354
[5] /Users/FHLive/Dropbox/FHLive Projects/CCTECH/app/Mage.php:683
[6] /Users/FHLive/Dropbox/FHLive Projects/CCTECH/index.php:87
</pre>
2013-09-28T13:48:38+00:00 DEBUG (7): HEADERS ALREADY SENT: <pre>[0] /Users/FHLive/Dropbox/FHLive Projects/CCTECH/app/code/core/Mage/Core/Controller/Response/Http.php:52
[1] /Users/FHLive/Dropbox/FHLive Projects/CCTECH/lib/Zend/Controller/Response/Abstract.php:766
[2] /Users/FHLive/Dropbox/FHLive Projects/CCTECH/app/code/core/Mage/Core/Controller/Response/Http.php:83
[3] /Users/FHLive/Dropbox/FHLive Projects/CCTECH/app/code/core/Mage/Core/Controller/Varien/Front.php:188
[4] /Users/FHLive/Dropbox/FHLive Projects/CCTECH/app/code/core/Mage/Core/Model/App.php:354
[5] /Users/FHLive/Dropbox/FHLive Projects/CCTECH/app/Mage.php:683
[6] /Users/FHLive/Dropbox/FHLive Projects/CCTECH/index.php:87
</pre>
2013-09-28T13:48:58+00:00 DEBUG (7): HEADERS ALREADY SENT: <pre>[0] /Users/FHLive/Dropbox/FHLive Projects/CCTECH/app/code/core/Mage/Core/Controller/Response/Http.php:52
[1] /Users/FHLive/Dropbox/FHLive Projects/CCTECH/lib/Zend/Controller/Response/Abstract.php:766
[2] /Users/FHLive/Dropbox/FHLive Projects/CCTECH/app/code/core/Mage/Core/Controller/Response/Http.php:83
[3] /Users/FHLive/Dropbox/FHLive Projects/CCTECH/app/code/core/Mage/Core/Controller/Varien/Front.php:188
[4] /Users/FHLive/Dropbox/FHLive Projects/CCTECH/app/code/core/Mage/Core/Model/App.php:354
[5] /Users/FHLive/Dropbox/FHLive Projects/CCTECH/app/Mage.php:683
[6] /Users/FHLive/Dropbox/FHLive Projects/CCTECH/index.php:87
</pre>
2013-09-28T13:49:11+00:00 DEBUG (7): HEADERS ALREADY SENT: <pre>[0] /Users/FHLive/Dropbox/FHLive Projects/CCTECH/app/code/core/Mage/Core/Controller/Response/Http.php:52
[1] /Users/FHLive/Dropbox/FHLive Projects/CCTECH/lib/Zend/Controller/Response/Abstract.php:766
[2] /Users/FHLive/Dropbox/FHLive Projects/CCTECH/app/code/core/Mage/Core/Controller/Response/Http.php:83
[3] /Users/FHLive/Dropbox/FHLive Projects/CCTECH/app/code/core/Mage/Core/Controller/Varien/Front.php:188
[4] /Users/FHLive/Dropbox/FHLive Projects/CCTECH/app/code/core/Mage/Core/Model/App.php:354
[5] /Users/FHLive/Dropbox/FHLive Projects/CCTECH/app/Mage.php:683
[6] /Users/FHLive/Dropbox/FHLive Projects/CCTECH/index.php:87
</pre>
2013-09-28T13:55:21+00:00 ERR (3): Warning: getimagesize(http://cctech:8888/skin/adminhtml/base/default/images/media/about_us_img.jpg) [<a href='function.getimagesize'>function.getimagesize</a>]: failed to open stream: HTTP request failed! HTTP/1.1 404 Not Found
  in /Users/FHLive/Dropbox/FHLive Projects/CCTECH/lib/Varien/Image/Adapter/Abstract.php on line 87
2013-09-28T13:55:31+00:00 DEBUG (7): HEADERS ALREADY SENT: <pre>[0] /Users/FHLive/Dropbox/FHLive Projects/CCTECH/app/code/core/Mage/Core/Controller/Response/Http.php:52
[1] /Users/FHLive/Dropbox/FHLive Projects/CCTECH/lib/Zend/Controller/Response/Abstract.php:766
[2] /Users/FHLive/Dropbox/FHLive Projects/CCTECH/app/code/core/Mage/Core/Controller/Response/Http.php:83
[3] /Users/FHLive/Dropbox/FHLive Projects/CCTECH/app/code/core/Mage/Core/Controller/Varien/Front.php:188
[4] /Users/FHLive/Dropbox/FHLive Projects/CCTECH/app/code/core/Mage/Core/Model/App.php:354
[5] /Users/FHLive/Dropbox/FHLive Projects/CCTECH/app/Mage.php:683
[6] /Users/FHLive/Dropbox/FHLive Projects/CCTECH/index.php:87
</pre>
2013-09-28T14:11:25+00:00 DEBUG (7): HEADERS ALREADY SENT: <pre>[0] /Users/FHLive/Dropbox/FHLive Projects/CCTECH/app/code/core/Mage/Core/Controller/Response/Http.php:52
[1] /Users/FHLive/Dropbox/FHLive Projects/CCTECH/lib/Zend/Controller/Response/Abstract.php:766
[2] /Users/FHLive/Dropbox/FHLive Projects/CCTECH/app/code/core/Mage/Core/Controller/Response/Http.php:83
[3] /Users/FHLive/Dropbox/FHLive Projects/CCTECH/app/code/core/Mage/Core/Controller/Varien/Front.php:188
[4] /Users/FHLive/Dropbox/FHLive Projects/CCTECH/app/code/core/Mage/Core/Model/App.php:354
[5] /Users/FHLive/Dropbox/FHLive Projects/CCTECH/app/Mage.php:683
[6] /Users/FHLive/Dropbox/FHLive Projects/CCTECH/index.php:87
</pre>
2013-09-28T14:32:44+00:00 DEBUG (7): HEADERS ALREADY SENT: <pre>[0] /Users/FHLive/Dropbox/FHLive Projects/CCTECH/app/code/core/Mage/Core/Controller/Response/Http.php:52
[1] /Users/FHLive/Dropbox/FHLive Projects/CCTECH/lib/Zend/Controller/Response/Abstract.php:766
[2] /Users/FHLive/Dropbox/FHLive Projects/CCTECH/app/code/core/Mage/Core/Controller/Response/Http.php:83
[3] /Users/FHLive/Dropbox/FHLive Projects/CCTECH/app/code/core/Mage/Core/Controller/Varien/Front.php:188
[4] /Users/FHLive/Dropbox/FHLive Projects/CCTECH/app/code/core/Mage/Core/Model/App.php:354
[5] /Users/FHLive/Dropbox/FHLive Projects/CCTECH/app/Mage.php:683
[6] /Users/FHLive/Dropbox/FHLive Projects/CCTECH/index.php:87
</pre>
2013-09-28T14:33:40+00:00 DEBUG (7): HEADERS ALREADY SENT: <pre>[0] /Users/FHLive/Dropbox/FHLive Projects/CCTECH/app/code/core/Mage/Core/Controller/Response/Http.php:52
[1] /Users/FHLive/Dropbox/FHLive Projects/CCTECH/lib/Zend/Controller/Response/Abstract.php:766
[2] /Users/FHLive/Dropbox/FHLive Projects/CCTECH/app/code/core/Mage/Core/Controller/Response/Http.php:83
[3] /Users/FHLive/Dropbox/FHLive Projects/CCTECH/app/code/core/Mage/Core/Controller/Varien/Front.php:188
[4] /Users/FHLive/Dropbox/FHLive Projects/CCTECH/app/code/core/Mage/Core/Model/App.php:354
[5] /Users/FHLive/Dropbox/FHLive Projects/CCTECH/app/Mage.php:683
[6] /Users/FHLive/Dropbox/FHLive Projects/CCTECH/index.php:87
</pre>
2013-09-28T14:55:50+00:00 DEBUG (7): HEADERS ALREADY SENT: <pre>[0] /Users/FHLive/Dropbox/FHLive Projects/CCTECH/app/code/core/Mage/Core/Controller/Response/Http.php:52
[1] /Users/FHLive/Dropbox/FHLive Projects/CCTECH/lib/Zend/Controller/Response/Abstract.php:766
[2] /Users/FHLive/Dropbox/FHLive Projects/CCTECH/app/code/core/Mage/Core/Controller/Response/Http.php:83
[3] /Users/FHLive/Dropbox/FHLive Projects/CCTECH/app/code/core/Mage/Core/Controller/Varien/Front.php:188
[4] /Users/FHLive/Dropbox/FHLive Projects/CCTECH/app/code/core/Mage/Core/Model/App.php:354
[5] /Users/FHLive/Dropbox/FHLive Projects/CCTECH/app/Mage.php:683
[6] /Users/FHLive/Dropbox/FHLive Projects/CCTECH/index.php:87
</pre>
2013-09-28T14:56:30+00:00 DEBUG (7): HEADERS ALREADY SENT: <pre>[0] /Users/FHLive/Dropbox/FHLive Projects/CCTECH/app/code/core/Mage/Core/Controller/Response/Http.php:52
[1] /Users/FHLive/Dropbox/FHLive Projects/CCTECH/lib/Zend/Controller/Response/Abstract.php:766
[2] /Users/FHLive/Dropbox/FHLive Projects/CCTECH/app/code/core/Mage/Core/Controller/Response/Http.php:83
[3] /Users/FHLive/Dropbox/FHLive Projects/CCTECH/app/code/core/Mage/Core/Controller/Varien/Front.php:188
[4] /Users/FHLive/Dropbox/FHLive Projects/CCTECH/app/code/core/Mage/Core/Model/App.php:354
[5] /Users/FHLive/Dropbox/FHLive Projects/CCTECH/app/Mage.php:683
[6] /Users/FHLive/Dropbox/FHLive Projects/CCTECH/index.php:87
</pre>
2013-09-28T15:01:11+00:00 DEBUG (7): HEADERS ALREADY SENT: <pre>[0] /Users/FHLive/Dropbox/FHLive Projects/CCTECH/app/code/core/Mage/Core/Controller/Response/Http.php:52
[1] /Users/FHLive/Dropbox/FHLive Projects/CCTECH/lib/Zend/Controller/Response/Abstract.php:766
[2] /Users/FHLive/Dropbox/FHLive Projects/CCTECH/app/code/core/Mage/Core/Controller/Response/Http.php:83
[3] /Users/FHLive/Dropbox/FHLive Projects/CCTECH/app/code/core/Mage/Core/Controller/Varien/Front.php:188
[4] /Users/FHLive/Dropbox/FHLive Projects/CCTECH/app/code/core/Mage/Core/Model/App.php:354
[5] /Users/FHLive/Dropbox/FHLive Projects/CCTECH/app/Mage.php:683
[6] /Users/FHLive/Dropbox/FHLive Projects/CCTECH/index.php:87
</pre>
2013-09-28T15:02:24+00:00 DEBUG (7): HEADERS ALREADY SENT: <pre>[0] /Users/FHLive/Dropbox/FHLive Projects/CCTECH/app/code/core/Mage/Core/Controller/Response/Http.php:52
[1] /Users/FHLive/Dropbox/FHLive Projects/CCTECH/lib/Zend/Controller/Response/Abstract.php:766
[2] /Users/FHLive/Dropbox/FHLive Projects/CCTECH/app/code/core/Mage/Core/Controller/Response/Http.php:83
[3] /Users/FHLive/Dropbox/FHLive Projects/CCTECH/app/code/core/Mage/Core/Controller/Varien/Front.php:188
[4] /Users/FHLive/Dropbox/FHLive Projects/CCTECH/app/code/core/Mage/Core/Model/App.php:354
[5] /Users/FHLive/Dropbox/FHLive Projects/CCTECH/app/Mage.php:683
[6] /Users/FHLive/Dropbox/FHLive Projects/CCTECH/index.php:87
</pre>
2013-09-28T15:04:19+00:00 DEBUG (7): HEADERS ALREADY SENT: <pre>[0] /Users/FHLive/Dropbox/FHLive Projects/CCTECH/app/code/core/Mage/Core/Controller/Response/Http.php:52
[1] /Users/FHLive/Dropbox/FHLive Projects/CCTECH/lib/Zend/Controller/Response/Abstract.php:766
[2] /Users/FHLive/Dropbox/FHLive Projects/CCTECH/app/code/core/Mage/Core/Controller/Response/Http.php:83
[3] /Users/FHLive/Dropbox/FHLive Projects/CCTECH/app/code/core/Mage/Core/Controller/Varien/Front.php:188
[4] /Users/FHLive/Dropbox/FHLive Projects/CCTECH/app/code/core/Mage/Core/Model/App.php:354
[5] /Users/FHLive/Dropbox/FHLive Projects/CCTECH/app/Mage.php:683
[6] /Users/FHLive/Dropbox/FHLive Projects/CCTECH/index.php:87
</pre>
2013-09-28T15:10:39+00:00 DEBUG (7): HEADERS ALREADY SENT: <pre>[0] /Users/FHLive/Dropbox/FHLive Projects/CCTECH/app/code/core/Mage/Core/Controller/Response/Http.php:52
[1] /Users/FHLive/Dropbox/FHLive Projects/CCTECH/lib/Zend/Controller/Response/Abstract.php:766
[2] /Users/FHLive/Dropbox/FHLive Projects/CCTECH/app/code/core/Mage/Core/Controller/Response/Http.php:83
[3] /Users/FHLive/Dropbox/FHLive Projects/CCTECH/app/code/core/Mage/Core/Controller/Varien/Front.php:188
[4] /Users/FHLive/Dropbox/FHLive Projects/CCTECH/app/code/core/Mage/Core/Model/App.php:354
[5] /Users/FHLive/Dropbox/FHLive Projects/CCTECH/app/Mage.php:683
[6] /Users/FHLive/Dropbox/FHLive Projects/CCTECH/index.php:87
</pre>
2013-09-28T16:44:00+00:00 DEBUG (7): HEADERS ALREADY SENT: <pre>[0] /Users/FHLive/Dropbox/FHLive Projects/CCTECH/app/code/core/Mage/Core/Controller/Response/Http.php:52
[1] /Users/FHLive/Dropbox/FHLive Projects/CCTECH/lib/Zend/Controller/Response/Abstract.php:766
[2] /Users/FHLive/Dropbox/FHLive Projects/CCTECH/app/code/core/Mage/Core/Controller/Response/Http.php:83
[3] /Users/FHLive/Dropbox/FHLive Projects/CCTECH/app/code/core/Mage/Core/Controller/Varien/Front.php:188
[4] /Users/FHLive/Dropbox/FHLive Projects/CCTECH/app/code/core/Mage/Core/Model/App.php:354
[5] /Users/FHLive/Dropbox/FHLive Projects/CCTECH/app/Mage.php:683
[6] /Users/FHLive/Dropbox/FHLive Projects/CCTECH/index.php:87
</pre>
2013-09-28T16:46:59+00:00 DEBUG (7): HEADERS ALREADY SENT: <pre>[0] /Users/FHLive/Dropbox/FHLive Projects/CCTECH/app/code/core/Mage/Core/Controller/Response/Http.php:52
[1] /Users/FHLive/Dropbox/FHLive Projects/CCTECH/lib/Zend/Controller/Response/Abstract.php:766
[2] /Users/FHLive/Dropbox/FHLive Projects/CCTECH/app/code/core/Mage/Core/Controller/Response/Http.php:83
[3] /Users/FHLive/Dropbox/FHLive Projects/CCTECH/app/code/core/Mage/Core/Controller/Varien/Front.php:188
[4] /Users/FHLive/Dropbox/FHLive Projects/CCTECH/app/code/core/Mage/Core/Model/App.php:354
[5] /Users/FHLive/Dropbox/FHLive Projects/CCTECH/app/Mage.php:683
[6] /Users/FHLive/Dropbox/FHLive Projects/CCTECH/index.php:87
</pre>
2013-09-29T00:34:36+00:00 DEBUG (7): HEADERS ALREADY SENT: <pre>[0] /Users/FHLive/Dropbox/FHLive Projects/CCTECH/app/code/core/Mage/Core/Controller/Response/Http.php:52
[1] /Users/FHLive/Dropbox/FHLive Projects/CCTECH/lib/Zend/Controller/Response/Abstract.php:766
[2] /Users/FHLive/Dropbox/FHLive Projects/CCTECH/app/code/core/Mage/Core/Controller/Response/Http.php:83
[3] /Users/FHLive/Dropbox/FHLive Projects/CCTECH/app/code/core/Mage/Core/Controller/Varien/Front.php:188
[4] /Users/FHLive/Dropbox/FHLive Projects/CCTECH/app/code/core/Mage/Core/Model/App.php:354
[5] /Users/FHLive/Dropbox/FHLive Projects/CCTECH/app/Mage.php:683
[6] /Users/FHLive/Dropbox/FHLive Projects/CCTECH/index.php:87
</pre>
2013-09-29T00:34:47+00:00 ERR (3): Warning: SimpleXMLElement::__construct() [<a href='simplexmlelement.--construct'>simplexmlelement.--construct</a>]: Entity: line 1: parser error : Space required after the Public Identifier  in /Users/FHLive/Dropbox/FHLive Projects/CCTECH/app/code/core/Mage/AdminNotification/Model/Feed.php on line 173
2013-09-29T00:34:47+00:00 ERR (3): Warning: SimpleXMLElement::__construct() [<a href='simplexmlelement.--construct'>simplexmlelement.--construct</a>]: &lt;!DOCTYPE HTML PUBLIC &quot;-//IETF//DTD HTML 2.0//EN&quot;&gt;  in /Users/FHLive/Dropbox/FHLive Projects/CCTECH/app/code/core/Mage/AdminNotification/Model/Feed.php on line 173
2013-09-29T00:34:47+00:00 ERR (3): Warning: SimpleXMLElement::__construct() [<a href='simplexmlelement.--construct'>simplexmlelement.--construct</a>]:                                                  ^  in /Users/FHLive/Dropbox/FHLive Projects/CCTECH/app/code/core/Mage/AdminNotification/Model/Feed.php on line 173
2013-09-29T00:34:47+00:00 ERR (3): Warning: SimpleXMLElement::__construct() [<a href='simplexmlelement.--construct'>simplexmlelement.--construct</a>]: Entity: line 1: parser error : SystemLiteral &quot; or ' expected  in /Users/FHLive/Dropbox/FHLive Projects/CCTECH/app/code/core/Mage/AdminNotification/Model/Feed.php on line 173
2013-09-29T00:34:47+00:00 ERR (3): Warning: SimpleXMLElement::__construct() [<a href='simplexmlelement.--construct'>simplexmlelement.--construct</a>]: &lt;!DOCTYPE HTML PUBLIC &quot;-//IETF//DTD HTML 2.0//EN&quot;&gt;  in /Users/FHLive/Dropbox/FHLive Projects/CCTECH/app/code/core/Mage/AdminNotification/Model/Feed.php on line 173
2013-09-29T00:34:47+00:00 ERR (3): Warning: SimpleXMLElement::__construct() [<a href='simplexmlelement.--construct'>simplexmlelement.--construct</a>]:                                                  ^  in /Users/FHLive/Dropbox/FHLive Projects/CCTECH/app/code/core/Mage/AdminNotification/Model/Feed.php on line 173
2013-09-29T00:34:47+00:00 ERR (3): Warning: SimpleXMLElement::__construct() [<a href='simplexmlelement.--construct'>simplexmlelement.--construct</a>]: Entity: line 1: parser error : SYSTEM or PUBLIC, the URI is missing  in /Users/FHLive/Dropbox/FHLive Projects/CCTECH/app/code/core/Mage/AdminNotification/Model/Feed.php on line 173
2013-09-29T00:34:47+00:00 ERR (3): Warning: SimpleXMLElement::__construct() [<a href='simplexmlelement.--construct'>simplexmlelement.--construct</a>]: &lt;!DOCTYPE HTML PUBLIC &quot;-//IETF//DTD HTML 2.0//EN&quot;&gt;  in /Users/FHLive/Dropbox/FHLive Projects/CCTECH/app/code/core/Mage/AdminNotification/Model/Feed.php on line 173
2013-09-29T00:34:47+00:00 ERR (3): Warning: SimpleXMLElement::__construct() [<a href='simplexmlelement.--construct'>simplexmlelement.--construct</a>]:                                                  ^  in /Users/FHLive/Dropbox/FHLive Projects/CCTECH/app/code/core/Mage/AdminNotification/Model/Feed.php on line 173
2013-09-29T00:41:19+00:00 DEBUG (7): HEADERS ALREADY SENT: <pre>[0] /Users/FHLive/Dropbox/FHLive Projects/CCTECH/app/code/core/Mage/Core/Controller/Response/Http.php:52
[1] /Users/FHLive/Dropbox/FHLive Projects/CCTECH/lib/Zend/Controller/Response/Abstract.php:766
[2] /Users/FHLive/Dropbox/FHLive Projects/CCTECH/app/code/core/Mage/Core/Controller/Response/Http.php:83
[3] /Users/FHLive/Dropbox/FHLive Projects/CCTECH/app/code/core/Mage/Core/Controller/Varien/Front.php:188
[4] /Users/FHLive/Dropbox/FHLive Projects/CCTECH/app/code/core/Mage/Core/Model/App.php:354
[5] /Users/FHLive/Dropbox/FHLive Projects/CCTECH/app/Mage.php:683
[6] /Users/FHLive/Dropbox/FHLive Projects/CCTECH/index.php:87
</pre>
2013-09-29T00:43:26+00:00 DEBUG (7): HEADERS ALREADY SENT: <pre>[0] /Users/FHLive/Dropbox/FHLive Projects/CCTECH/app/code/core/Mage/Core/Controller/Response/Http.php:52
[1] /Users/FHLive/Dropbox/FHLive Projects/CCTECH/lib/Zend/Controller/Response/Abstract.php:766
[2] /Users/FHLive/Dropbox/FHLive Projects/CCTECH/app/code/core/Mage/Core/Controller/Response/Http.php:83
[3] /Users/FHLive/Dropbox/FHLive Projects/CCTECH/app/code/core/Mage/Core/Controller/Varien/Front.php:188
[4] /Users/FHLive/Dropbox/FHLive Projects/CCTECH/app/code/core/Mage/Core/Model/App.php:354
[5] /Users/FHLive/Dropbox/FHLive Projects/CCTECH/app/Mage.php:683
[6] /Users/FHLive/Dropbox/FHLive Projects/CCTECH/index.php:87
</pre>
2013-09-29T00:43:52+00:00 DEBUG (7): HEADERS ALREADY SENT: <pre>[0] /Users/FHLive/Dropbox/FHLive Projects/CCTECH/app/code/core/Mage/Core/Controller/Response/Http.php:52
[1] /Users/FHLive/Dropbox/FHLive Projects/CCTECH/lib/Zend/Controller/Response/Abstract.php:766
[2] /Users/FHLive/Dropbox/FHLive Projects/CCTECH/app/code/core/Mage/Core/Controller/Response/Http.php:83
[3] /Users/FHLive/Dropbox/FHLive Projects/CCTECH/app/code/core/Mage/Core/Controller/Varien/Front.php:188
[4] /Users/FHLive/Dropbox/FHLive Projects/CCTECH/app/code/core/Mage/Core/Model/App.php:354
[5] /Users/FHLive/Dropbox/FHLive Projects/CCTECH/app/Mage.php:683
[6] /Users/FHLive/Dropbox/FHLive Projects/CCTECH/index.php:87
</pre>
